2020-03-10 00:08:34.736  INFO 11400 --- [restartedMain] c.d.DirectorioTelefonicoApplication      : Starting DirectorioTelefonicoApplication on SANTIAGO-CERON with PID 11400 (D:\Todo\Cursos_WorkSpaces\FullStack\DirectorioTelefonico_Ceiba\DirectorioTelefonico\bin\main started by santiago.ceron in D:\Todo\Cursos_WorkSpaces\FullStack\DirectorioTelefonico_Ceiba\DirectorioTelefonico)
2020-03-10 00:08:34.747  INFO 11400 --- [restartedMain] c.d.DirectorioTelefonicoApplication      : No active profile set, falling back to default profiles: default
2020-03-10 00:08:34.844  INFO 11400 --- [restartedMain] o.s.b.devtools.restart.ChangeableUrls    : The Class-Path manifest attribute in C:\Users\santiago.ceron\.gradle\caches\modules-2\files-2.1\org.glassfish.jaxb\jaxb-runtime\2.3.2\5528bc882ea499a09d720b42af11785c4fc6be2a\jaxb-runtime-2.3.2.jar referenced one or more files that do not exist: file:/C:/Users/santiago.ceron/.gradle/caches/modules-2/files-2.1/org.glassfish.jaxb/jaxb-runtime/2.3.2/5528bc882ea499a09d720b42af11785c4fc6be2a/jakarta.xml.bind-api-2.3.2.jar,file:/C:/Users/santiago.ceron/.gradle/caches/modules-2/files-2.1/org.glassfish.jaxb/jaxb-runtime/2.3.2/5528bc882ea499a09d720b42af11785c4fc6be2a/txw2-2.3.2.jar,file:/C:/Users/santiago.ceron/.gradle/caches/modules-2/files-2.1/org.glassfish.jaxb/jaxb-runtime/2.3.2/5528bc882ea499a09d720b42af11785c4fc6be2a/istack-commons-runtime-3.0.8.jar,file:/C:/Users/santiago.ceron/.gradle/caches/modules-2/files-2.1/org.glassfish.jaxb/jaxb-runtime/2.3.2/5528bc882ea499a09d720b42af11785c4fc6be2a/stax-ex-1.8.1.jar,file:/C:/Users/santiago.ceron/.gradle/caches/modules-2/files-2.1/org.glassfish.jaxb/jaxb-runtime/2.3.2/5528bc882ea499a09d720b42af11785c4fc6be2a/FastInfoset-1.2.16.jar,file:/C:/Users/santiago.ceron/.gradle/caches/modules-2/files-2.1/org.glassfish.jaxb/jaxb-runtime/2.3.2/5528bc882ea499a09d720b42af11785c4fc6be2a/jakarta.activation-api-1.2.1.jar
2020-03-10 00:08:34.845  INFO 11400 --- [restartedMain] .e.DevToolsPropertyDefaultsPostProcessor : Devtools property defaults active! Set 'spring.devtools.add-properties' to 'false' to disable
2020-03-10 00:08:34.845  INFO 11400 --- [restartedMain] .e.DevToolsPropertyDefaultsPostProcessor : For additional web related logging consider setting the 'logging.level.web' property to 'DEBUG'
2020-03-10 00:08:36.799  INFO 11400 --- [restartedMain] .s.d.r.c.RepositoryConfigurationDelegate : Bootstrapping Spring Data repositories in DEFAULT mode.
2020-03-10 00:08:36.862  INFO 11400 --- [restartedMain] .s.d.r.c.RepositoryConfigurationDelegate : Finished Spring Data repository scanning in 39ms. Found 0 repository interfaces.
2020-03-10 00:08:37.466  INFO 11400 --- [restartedMain] trationDelegate$BeanPostProcessorChecker : Bean 'org.springframework.transaction.annotation.ProxyTransactionManagementConfiguration' of type [org.springframework.transaction.annotation.ProxyTransactionManagementConfiguration] is not eligible for getting processed by all BeanPostProcessors (for example: not eligible for auto-proxying)
2020-03-10 00:08:38.191  INFO 11400 --- [restartedMain] o.s.b.w.embedded.tomcat.TomcatWebServer  : Tomcat initialized with port(s): 4565 (http)
2020-03-10 00:08:38.206  INFO 11400 --- [restartedMain] o.apache.catalina.core.StandardService   : Starting service [Tomcat]
2020-03-10 00:08:38.207  INFO 11400 --- [restartedMain] org.apache.catalina.core.StandardEngine  : Starting Servlet engine: [Apache Tomcat/9.0.27]
2020-03-10 00:08:38.378  INFO 11400 --- [restartedMain] o.a.c.c.C.[Tomcat].[localhost].[/]       : Initializing Spring embedded WebApplicationContext
2020-03-10 00:08:38.487  INFO 11400 --- [restartedMain] com.zaxxer.hikari.HikariDataSource       : HikariPool-1 - Starting...
2020-03-10 00:08:40.858  INFO 11400 --- [restartedMain] com.zaxxer.hikari.HikariDataSource       : HikariPool-1 - Start completed.
2020-03-10 00:08:41.120  INFO 11400 --- [restartedMain] o.s.b.a.h2.H2ConsoleAutoConfiguration    : H2 console available at '/h2-console'. Database available at 'jdbc:mysql://localhost:3306/directorioContactos'
2020-03-10 00:08:41.323  INFO 11400 --- [restartedMain] o.s.b.d.a.OptionalLiveReloadServer       : LiveReload server is running on port 35729
2020-03-10 00:08:43.019  INFO 11400 --- [restartedMain] j.LocalContainerEntityManagerFactoryBean : Initialized JPA EntityManagerFactory for persistence unit 'default'
2020-03-10 00:08:43.601  WARN 11400 --- [restartedMain] JpaBaseConfiguration$JpaWebConfiguration : spring.jpa.open-in-view is enabled by default. Therefore, database queries may be performed during view rendering. Explicitly configure spring.jpa.open-in-view to disable this warning
2020-03-10 00:08:43.936  INFO 11400 --- [restartedMain] pertySourcedRequestMappingHandlerMapping : Mapped URL path [/v2/api-docs] onto method [springfox.documentation.swagger2.web.Swagger2Controller#getDocumentation(String, HttpServletRequest)]
2020-03-10 00:08:44.286  INFO 11400 --- [restartedMain] o.s.s.concurrent.ThreadPoolTaskExecutor  : Initializing ExecutorService 'applicationTaskExecutor'
2020-03-10 00:08:44.623  INFO 11400 --- [restartedMain] d.s.w.p.DocumentationPluginsBootstrapper : Context refreshed
2020-03-10 00:08:44.674  INFO 11400 --- [restartedMain] d.s.w.p.DocumentationPluginsBootstrapper : Found 1 custom documentation plugin(s)
2020-03-10 00:08:44.766  INFO 11400 --- [restartedMain] s.d.s.w.s.ApiListingReferenceScanner     : Scanning for api listing references
2020-03-10 00:08:45.118  INFO 11400 --- [restartedMain] o.s.b.w.embedded.tomcat.TomcatWebServer  : Tomcat started on port(s): 4565 (http) with context path ''
2020-03-10 00:08:45.120  INFO 11400 --- [restartedMain] c.d.DirectorioTelefonicoApplication      : Started DirectorioTelefonicoApplication in 11.165 seconds (JVM running for 13.694)
2020-03-10 00:10:22.755  INFO 11400 --- [http-nio-4565-exec-1] o.a.c.c.C.[Tomcat].[localhost].[/]       : Initializing Spring DispatcherServlet 'dispatcherServlet'
2020-03-10 00:18:16.949  INFO 11400 --- [RMI TCP Connection(20)-127.0.0.1] inMXBeanRegistrar$SpringApplicationAdmin : Application shutdown requested.
2020-03-10 00:18:16.964  INFO 11400 --- [RMI TCP Connection(20)-127.0.0.1] o.s.s.concurrent.ThreadPoolTaskExecutor  : Shutting down ExecutorService 'applicationTaskExecutor'
2020-03-10 00:18:16.968  INFO 11400 --- [RMI TCP Connection(20)-127.0.0.1] j.LocalContainerEntityManagerFactoryBean : Closing JPA EntityManagerFactory for persistence unit 'default'
2020-03-10 00:18:16.981  INFO 11400 --- [RMI TCP Connection(20)-127.0.0.1] com.zaxxer.hikari.HikariDataSource       : HikariPool-1 - Shutdown initiated...
2020-03-10 00:18:17.020  INFO 11400 --- [RMI TCP Connection(20)-127.0.0.1] com.zaxxer.hikari.HikariDataSource       : HikariPool-1 - Shutdown completed.
2020-03-10 06:18:57.894  INFO 4756 --- [restartedMain] c.d.DirectorioTelefonicoApplication      : Starting DirectorioTelefonicoApplication on SANTIAGO-CERON with PID 4756 (D:\Todo\Cursos_WorkSpaces\FullStack\DirectorioTelefonico_Ceiba\DirectorioTelefonico\bin\main started by santiago.ceron in D:\Todo\Cursos_WorkSpaces\FullStack\DirectorioTelefonico_Ceiba\DirectorioTelefonico)
2020-03-10 06:18:57.898  INFO 4756 --- [restartedMain] c.d.DirectorioTelefonicoApplication      : No active profile set, falling back to default profiles: default
2020-03-10 06:18:57.945  INFO 4756 --- [restartedMain] o.s.b.devtools.restart.ChangeableUrls    : The Class-Path manifest attribute in C:\Users\santiago.ceron\.gradle\caches\modules-2\files-2.1\org.glassfish.jaxb\jaxb-runtime\2.3.2\5528bc882ea499a09d720b42af11785c4fc6be2a\jaxb-runtime-2.3.2.jar referenced one or more files that do not exist: file:/C:/Users/santiago.ceron/.gradle/caches/modules-2/files-2.1/org.glassfish.jaxb/jaxb-runtime/2.3.2/5528bc882ea499a09d720b42af11785c4fc6be2a/jakarta.xml.bind-api-2.3.2.jar,file:/C:/Users/santiago.ceron/.gradle/caches/modules-2/files-2.1/org.glassfish.jaxb/jaxb-runtime/2.3.2/5528bc882ea499a09d720b42af11785c4fc6be2a/txw2-2.3.2.jar,file:/C:/Users/santiago.ceron/.gradle/caches/modules-2/files-2.1/org.glassfish.jaxb/jaxb-runtime/2.3.2/5528bc882ea499a09d720b42af11785c4fc6be2a/istack-commons-runtime-3.0.8.jar,file:/C:/Users/santiago.ceron/.gradle/caches/modules-2/files-2.1/org.glassfish.jaxb/jaxb-runtime/2.3.2/5528bc882ea499a09d720b42af11785c4fc6be2a/stax-ex-1.8.1.jar,file:/C:/Users/santiago.ceron/.gradle/caches/modules-2/files-2.1/org.glassfish.jaxb/jaxb-runtime/2.3.2/5528bc882ea499a09d720b42af11785c4fc6be2a/FastInfoset-1.2.16.jar,file:/C:/Users/santiago.ceron/.gradle/caches/modules-2/files-2.1/org.glassfish.jaxb/jaxb-runtime/2.3.2/5528bc882ea499a09d720b42af11785c4fc6be2a/jakarta.activation-api-1.2.1.jar
2020-03-10 06:18:57.945  INFO 4756 --- [restartedMain] .e.DevToolsPropertyDefaultsPostProcessor : Devtools property defaults active! Set 'spring.devtools.add-properties' to 'false' to disable
2020-03-10 06:18:57.945  INFO 4756 --- [restartedMain] .e.DevToolsPropertyDefaultsPostProcessor : For additional web related logging consider setting the 'logging.level.web' property to 'DEBUG'
2020-03-10 06:18:58.924  INFO 4756 --- [restartedMain] .s.d.r.c.RepositoryConfigurationDelegate : Bootstrapping Spring Data repositories in DEFAULT mode.
2020-03-10 06:18:58.950  INFO 4756 --- [restartedMain] .s.d.r.c.RepositoryConfigurationDelegate : Finished Spring Data repository scanning in 14ms. Found 0 repository interfaces.
2020-03-10 06:18:59.264  INFO 4756 --- [restartedMain] trationDelegate$BeanPostProcessorChecker : Bean 'org.springframework.transaction.annotation.ProxyTransactionManagementConfiguration' of type [org.springframework.transaction.annotation.ProxyTransactionManagementConfiguration] is not eligible for getting processed by all BeanPostProcessors (for example: not eligible for auto-proxying)
2020-03-10 06:18:59.561  INFO 4756 --- [restartedMain] o.s.b.w.embedded.tomcat.TomcatWebServer  : Tomcat initialized with port(s): 4565 (http)
2020-03-10 06:18:59.570  INFO 4756 --- [restartedMain] o.apache.catalina.core.StandardService   : Starting service [Tomcat]
2020-03-10 06:18:59.570  INFO 4756 --- [restartedMain] org.apache.catalina.core.StandardEngine  : Starting Servlet engine: [Apache Tomcat/9.0.27]
2020-03-10 06:18:59.656  INFO 4756 --- [restartedMain] o.a.c.c.C.[Tomcat].[localhost].[/]       : Initializing Spring embedded WebApplicationContext
2020-03-10 06:18:59.711  INFO 4756 --- [restartedMain] com.zaxxer.hikari.HikariDataSource       : HikariPool-1 - Starting...
2020-03-10 06:19:00.478  INFO 4756 --- [restartedMain] com.zaxxer.hikari.HikariDataSource       : HikariPool-1 - Start completed.
2020-03-10 06:19:00.607  INFO 4756 --- [restartedMain] o.s.b.a.h2.H2ConsoleAutoConfiguration    : H2 console available at '/h2-console'. Database available at 'jdbc:mysql://localhost:3306/directorioContactos'
2020-03-10 06:19:00.719  INFO 4756 --- [restartedMain] o.s.b.d.a.OptionalLiveReloadServer       : LiveReload server is running on port 35729
2020-03-10 06:19:01.654  INFO 4756 --- [restartedMain] j.LocalContainerEntityManagerFactoryBean : Initialized JPA EntityManagerFactory for persistence unit 'default'
2020-03-10 06:19:01.859  WARN 4756 --- [restartedMain] JpaBaseConfiguration$JpaWebConfiguration : spring.jpa.open-in-view is enabled by default. Therefore, database queries may be performed during view rendering. Explicitly configure spring.jpa.open-in-view to disable this warning
2020-03-10 06:19:01.962  INFO 4756 --- [restartedMain] pertySourcedRequestMappingHandlerMapping : Mapped URL path [/v2/api-docs] onto method [springfox.documentation.swagger2.web.Swagger2Controller#getDocumentation(String, HttpServletRequest)]
2020-03-10 06:19:02.060  INFO 4756 --- [restartedMain] o.s.s.concurrent.ThreadPoolTaskExecutor  : Initializing ExecutorService 'applicationTaskExecutor'
2020-03-10 06:19:02.188  INFO 4756 --- [restartedMain] d.s.w.p.DocumentationPluginsBootstrapper : Context refreshed
2020-03-10 06:19:02.206  INFO 4756 --- [restartedMain] d.s.w.p.DocumentationPluginsBootstrapper : Found 1 custom documentation plugin(s)
2020-03-10 06:19:02.239  INFO 4756 --- [restartedMain] s.d.s.w.s.ApiListingReferenceScanner     : Scanning for api listing references
2020-03-10 06:19:02.406  INFO 4756 --- [restartedMain] o.s.b.w.embedded.tomcat.TomcatWebServer  : Tomcat started on port(s): 4565 (http) with context path ''
2020-03-10 06:19:02.409  INFO 4756 --- [restartedMain] c.d.DirectorioTelefonicoApplication      : Started DirectorioTelefonicoApplication in 4.898 seconds (JVM running for 7.119)
2020-03-10 06:20:54.268  INFO 4756 --- [http-nio-4565-exec-1] o.a.c.c.C.[Tomcat].[localhost].[/]       : Initializing Spring DispatcherServlet 'dispatcherServlet'
2020-03-10 06:23:53.291  INFO 4756 --- [Thread-7] o.s.s.concurrent.ThreadPoolTaskExecutor  : Shutting down ExecutorService 'applicationTaskExecutor'
2020-03-10 06:23:53.292  INFO 4756 --- [Thread-7] j.LocalContainerEntityManagerFactoryBean : Closing JPA EntityManagerFactory for persistence unit 'default'
2020-03-10 06:23:53.295  INFO 4756 --- [Thread-7] com.zaxxer.hikari.HikariDataSource       : HikariPool-1 - Shutdown initiated...
2020-03-10 06:23:53.298  INFO 4756 --- [Thread-7] com.zaxxer.hikari.HikariDataSource       : HikariPool-1 - Shutdown completed.
2020-03-10 06:23:53.741  INFO 4756 --- [restartedMain] c.d.DirectorioTelefonicoApplication      : Starting DirectorioTelefonicoApplication on SANTIAGO-CERON with PID 4756 (D:\Todo\Cursos_WorkSpaces\FullStack\DirectorioTelefonico_Ceiba\DirectorioTelefonico\bin\main started by santiago.ceron in D:\Todo\Cursos_WorkSpaces\FullStack\DirectorioTelefonico_Ceiba\DirectorioTelefonico)
2020-03-10 06:23:53.741  INFO 4756 --- [restartedMain] c.d.DirectorioTelefonicoApplication      : No active profile set, falling back to default profiles: default
2020-03-10 06:23:53.996  INFO 4756 --- [restartedMain] .s.d.r.c.RepositoryConfigurationDelegate : Bootstrapping Spring Data repositories in DEFAULT mode.
2020-03-10 06:23:54.000  INFO 4756 --- [restartedMain] .s.d.r.c.RepositoryConfigurationDelegate : Finished Spring Data repository scanning in 3ms. Found 0 repository interfaces.
2020-03-10 06:23:54.050  INFO 4756 --- [restartedMain] trationDelegate$BeanPostProcessorChecker : Bean 'org.springframework.transaction.annotation.ProxyTransactionManagementConfiguration' of type [org.springframework.transaction.annotation.ProxyTransactionManagementConfiguration] is not eligible for getting processed by all BeanPostProcessors (for example: not eligible for auto-proxying)
2020-03-10 06:23:54.075  WARN 4756 --- [restartedMain] org.apache.tomcat.util.modeler.Registry  : The MBean registry cannot be disabled because it has already been initialised
2020-03-10 06:23:54.126  INFO 4756 --- [restartedMain] o.s.b.w.embedded.tomcat.TomcatWebServer  : Tomcat initialized with port(s): 4565 (http)
2020-03-10 06:23:54.126  INFO 4756 --- [restartedMain] o.apache.catalina.core.StandardService   : Starting service [Tomcat]
2020-03-10 06:23:54.126  INFO 4756 --- [restartedMain] org.apache.catalina.core.StandardEngine  : Starting Servlet engine: [Apache Tomcat/9.0.27]
2020-03-10 06:23:54.137  INFO 4756 --- [restartedMain] o.a.c.c.C.[Tomcat].[localhost].[/]       : Initializing Spring embedded WebApplicationContext
2020-03-10 06:23:54.152  INFO 4756 --- [restartedMain] com.zaxxer.hikari.HikariDataSource       : HikariPool-2 - Starting...
2020-03-10 06:23:54.164  INFO 4756 --- [restartedMain] com.zaxxer.hikari.HikariDataSource       : HikariPool-2 - Start completed.
2020-03-10 06:23:54.234  INFO 4756 --- [restartedMain] o.s.b.a.h2.H2ConsoleAutoConfiguration    : H2 console available at '/h2-console'. Database available at 'jdbc:mysql://localhost:3306/directorioContactos'
2020-03-10 06:23:54.256  INFO 4756 --- [restartedMain] o.s.b.d.a.OptionalLiveReloadServer       : LiveReload server is running on port 35729
2020-03-10 06:23:54.291  INFO 4756 --- [restartedMain] j.LocalContainerEntityManagerFactoryBean : Initialized JPA EntityManagerFactory for persistence unit 'default'
2020-03-10 06:23:54.380  WARN 4756 --- [restartedMain] JpaBaseConfiguration$JpaWebConfiguration : spring.jpa.open-in-view is enabled by default. Therefore, database queries may be performed during view rendering. Explicitly configure spring.jpa.open-in-view to disable this warning
2020-03-10 06:23:54.412  INFO 4756 --- [restartedMain] pertySourcedRequestMappingHandlerMapping : Mapped URL path [/v2/api-docs] onto method [springfox.documentation.swagger2.web.Swagger2Controller#getDocumentation(String, HttpServletRequest)]
2020-03-10 06:23:54.452  INFO 4756 --- [restartedMain] o.s.s.concurrent.ThreadPoolTaskExecutor  : Initializing ExecutorService 'applicationTaskExecutor'
2020-03-10 06:23:54.501  INFO 4756 --- [restartedMain] d.s.w.p.DocumentationPluginsBootstrapper : Context refreshed
2020-03-10 06:23:54.501  INFO 4756 --- [restartedMain] d.s.w.p.DocumentationPluginsBootstrapper : Found 1 custom documentation plugin(s)
2020-03-10 06:23:54.510  INFO 4756 --- [restartedMain] s.d.s.w.s.ApiListingReferenceScanner     : Scanning for api listing references
2020-03-10 06:23:54.529  INFO 4756 --- [restartedMain] o.s.b.w.embedded.tomcat.TomcatWebServer  : Tomcat started on port(s): 4565 (http) with context path ''
2020-03-10 06:23:54.531  INFO 4756 --- [restartedMain] c.d.DirectorioTelefonicoApplication      : Started DirectorioTelefonicoApplication in 0.815 seconds (JVM running for 299.241)
2020-03-10 06:23:54.534  INFO 4756 --- [restartedMain] .ConditionEvaluationDeltaLoggingListener : Condition evaluation unchanged
2020-03-10 06:23:59.100  INFO 4756 --- [http-nio-4565-exec-1] o.a.c.c.C.[Tomcat].[localhost].[/]       : Initializing Spring DispatcherServlet 'dispatcherServlet'
2020-03-10 06:23:59.117 DEBUG 4756 --- [http-nio-4565-exec-1] o.s.jdbc.core.JdbcTemplate               : Executing prepared SQL query
2020-03-10 06:23:59.117 DEBUG 4756 --- [http-nio-4565-exec-1] o.s.jdbc.core.JdbcTemplate               : Executing prepared SQL statement [select * from contacto where nombre = ?]
2020-03-10 06:23:59.120 TRACE 4756 --- [http-nio-4565-exec-1] o.s.jdbc.core.StatementCreatorUtils      : Setting SQL statement parameter value: column index 1, parameter value [juliana], value class [java.lang.String], SQL type unknown
2020-03-10 06:23:59.122 DEBUG 4756 --- [http-nio-4565-exec-1] o.s.jdbc.core.JdbcTemplate               : Executing prepared SQL update
2020-03-10 06:23:59.122 DEBUG 4756 --- [http-nio-4565-exec-1] o.s.jdbc.core.JdbcTemplate               : Executing prepared SQL statement [insert into contacto (nombre, telefono) values(?,?)]
2020-03-10 06:23:59.123 TRACE 4756 --- [http-nio-4565-exec-1] o.s.jdbc.core.StatementCreatorUtils      : Setting SQL statement parameter value: column index 1, parameter value [juliana], value class [java.lang.String], SQL type unknown
2020-03-10 06:23:59.123 TRACE 4756 --- [http-nio-4565-exec-1] o.s.jdbc.core.StatementCreatorUtils      : Setting SQL statement parameter value: column index 2, parameter value [201912], value class [java.lang.Integer], SQL type unknown
2020-03-10 06:23:59.133 TRACE 4756 --- [http-nio-4565-exec-1] o.s.jdbc.core.JdbcTemplate               : SQL update affected 1 rows
2020-03-10 06:23:59.148 DEBUG 4756 --- [http-nio-4565-exec-2] o.s.jdbc.core.JdbcTemplate               : Executing prepared SQL query
2020-03-10 06:23:59.149 DEBUG 4756 --- [http-nio-4565-exec-2] o.s.jdbc.core.JdbcTemplate               : Executing prepared SQL statement [select * from contacto]
2020-03-10 06:23:59.298 DEBUG 4756 --- [http-nio-4565-exec-4] o.s.jdbc.core.JdbcTemplate               : Executing prepared SQL query
2020-03-10 06:23:59.298 DEBUG 4756 --- [http-nio-4565-exec-4] o.s.jdbc.core.JdbcTemplate               : Executing prepared SQL statement [select * from contacto where nombre = ?]
2020-03-10 06:23:59.298 TRACE 4756 --- [http-nio-4565-exec-4] o.s.jdbc.core.StatementCreatorUtils      : Setting SQL statement parameter value: column index 1, parameter value [juliana], value class [java.lang.String], SQL type unknown
2020-03-10 06:23:59.307 DEBUG 4756 --- [http-nio-4565-exec-5] o.s.jdbc.core.JdbcTemplate               : Executing prepared SQL query
2020-03-10 06:23:59.308 DEBUG 4756 --- [http-nio-4565-exec-5] o.s.jdbc.core.JdbcTemplate               : Executing prepared SQL statement [select * from contacto]
2020-03-10 06:23:59.497 DEBUG 4756 --- [http-nio-4565-exec-7] o.s.jdbc.core.JdbcTemplate               : Executing prepared SQL query
2020-03-10 06:23:59.498 DEBUG 4756 --- [http-nio-4565-exec-7] o.s.jdbc.core.JdbcTemplate               : Executing prepared SQL statement [select * from contacto where nombre = ?]
2020-03-10 06:23:59.498 TRACE 4756 --- [http-nio-4565-exec-7] o.s.jdbc.core.StatementCreatorUtils      : Setting SQL statement parameter value: column index 1, parameter value [juliana], value class [java.lang.String], SQL type unknown
2020-03-10 06:23:59.503 DEBUG 4756 --- [http-nio-4565-exec-8] o.s.jdbc.core.JdbcTemplate               : Executing prepared SQL query
2020-03-10 06:23:59.503 DEBUG 4756 --- [http-nio-4565-exec-8] o.s.jdbc.core.JdbcTemplate               : Executing prepared SQL statement [select * from contacto]
2020-03-10 06:23:59.698 DEBUG 4756 --- [http-nio-4565-exec-10] o.s.jdbc.core.JdbcTemplate               : Executing prepared SQL query
2020-03-10 06:23:59.698 DEBUG 4756 --- [http-nio-4565-exec-10] o.s.jdbc.core.JdbcTemplate               : Executing prepared SQL statement [select * from contacto where nombre = ?]
2020-03-10 06:23:59.698 TRACE 4756 --- [http-nio-4565-exec-10] o.s.jdbc.core.StatementCreatorUtils      : Setting SQL statement parameter value: column index 1, parameter value [juliana], value class [java.lang.String], SQL type unknown
2020-03-10 06:23:59.702 DEBUG 4756 --- [http-nio-4565-exec-1] o.s.jdbc.core.JdbcTemplate               : Executing prepared SQL query
2020-03-10 06:23:59.702 DEBUG 4756 --- [http-nio-4565-exec-1] o.s.jdbc.core.JdbcTemplate               : Executing prepared SQL statement [select * from contacto]
2020-03-10 06:23:59.898 DEBUG 4756 --- [http-nio-4565-exec-3] o.s.jdbc.core.JdbcTemplate               : Executing prepared SQL query
2020-03-10 06:23:59.898 DEBUG 4756 --- [http-nio-4565-exec-3] o.s.jdbc.core.JdbcTemplate               : Executing prepared SQL statement [select * from contacto where nombre = ?]
2020-03-10 06:23:59.898 TRACE 4756 --- [http-nio-4565-exec-3] o.s.jdbc.core.StatementCreatorUtils      : Setting SQL statement parameter value: column index 1, parameter value [juliana], value class [java.lang.String], SQL type unknown
2020-03-10 06:23:59.903 DEBUG 4756 --- [http-nio-4565-exec-4] o.s.jdbc.core.JdbcTemplate               : Executing prepared SQL query
2020-03-10 06:23:59.904 DEBUG 4756 --- [http-nio-4565-exec-4] o.s.jdbc.core.JdbcTemplate               : Executing prepared SQL statement [select * from contacto]
2020-03-10 06:28:43.572  INFO 4756 --- [Thread-15] o.s.s.concurrent.ThreadPoolTaskExecutor  : Shutting down ExecutorService 'applicationTaskExecutor'
2020-03-10 06:28:43.574  INFO 4756 --- [Thread-15] j.LocalContainerEntityManagerFactoryBean : Closing JPA EntityManagerFactory for persistence unit 'default'
2020-03-10 06:28:43.575  INFO 4756 --- [Thread-15] com.zaxxer.hikari.HikariDataSource       : HikariPool-2 - Shutdown initiated...
2020-03-10 06:28:43.584  INFO 4756 --- [Thread-15] com.zaxxer.hikari.HikariDataSource       : HikariPool-2 - Shutdown completed.
2020-03-10 06:28:44.030  INFO 4756 --- [restartedMain] c.d.DirectorioTelefonicoApplication      : Starting DirectorioTelefonicoApplication on SANTIAGO-CERON with PID 4756 (D:\Todo\Cursos_WorkSpaces\FullStack\DirectorioTelefonico_Ceiba\DirectorioTelefonico\bin\main started by santiago.ceron in D:\Todo\Cursos_WorkSpaces\FullStack\DirectorioTelefonico_Ceiba\DirectorioTelefonico)
2020-03-10 06:28:44.031  INFO 4756 --- [restartedMain] c.d.DirectorioTelefonicoApplication      : No active profile set, falling back to default profiles: default
2020-03-10 06:28:44.262  INFO 4756 --- [restartedMain] .s.d.r.c.RepositoryConfigurationDelegate : Bootstrapping Spring Data repositories in DEFAULT mode.
2020-03-10 06:28:44.265  INFO 4756 --- [restartedMain] .s.d.r.c.RepositoryConfigurationDelegate : Finished Spring Data repository scanning in 3ms. Found 0 repository interfaces.
2020-03-10 06:28:44.313  INFO 4756 --- [restartedMain] trationDelegate$BeanPostProcessorChecker : Bean 'org.springframework.transaction.annotation.ProxyTransactionManagementConfiguration' of type [org.springframework.transaction.annotation.ProxyTransactionManagementConfiguration] is not eligible for getting processed by all BeanPostProcessors (for example: not eligible for auto-proxying)
2020-03-10 06:28:44.336  WARN 4756 --- [restartedMain] org.apache.tomcat.util.modeler.Registry  : The MBean registry cannot be disabled because it has already been initialised
2020-03-10 06:28:44.389  INFO 4756 --- [restartedMain] o.s.b.w.embedded.tomcat.TomcatWebServer  : Tomcat initialized with port(s): 4565 (http)
2020-03-10 06:28:44.389  INFO 4756 --- [restartedMain] o.apache.catalina.core.StandardService   : Starting service [Tomcat]
2020-03-10 06:28:44.389  INFO 4756 --- [restartedMain] org.apache.catalina.core.StandardEngine  : Starting Servlet engine: [Apache Tomcat/9.0.27]
2020-03-10 06:28:44.399  INFO 4756 --- [restartedMain] o.a.c.c.C.[Tomcat].[localhost].[/]       : Initializing Spring embedded WebApplicationContext
2020-03-10 06:28:44.412  INFO 4756 --- [restartedMain] com.zaxxer.hikari.HikariDataSource       : HikariPool-3 - Starting...
2020-03-10 06:28:44.423  INFO 4756 --- [restartedMain] com.zaxxer.hikari.HikariDataSource       : HikariPool-3 - Start completed.
2020-03-10 06:28:44.511  INFO 4756 --- [restartedMain] o.s.b.a.h2.H2ConsoleAutoConfiguration    : H2 console available at '/h2-console'. Database available at 'jdbc:mysql://localhost:3306/directorioContactos'
2020-03-10 06:28:44.532  INFO 4756 --- [restartedMain] o.s.b.d.a.OptionalLiveReloadServer       : LiveReload server is running on port 35729
2020-03-10 06:28:44.559  INFO 4756 --- [restartedMain] j.LocalContainerEntityManagerFactoryBean : Initialized JPA EntityManagerFactory for persistence unit 'default'
2020-03-10 06:28:44.619  WARN 4756 --- [restartedMain] JpaBaseConfiguration$JpaWebConfiguration : spring.jpa.open-in-view is enabled by default. Therefore, database queries may be performed during view rendering. Explicitly configure spring.jpa.open-in-view to disable this warning
2020-03-10 06:28:44.648  INFO 4756 --- [restartedMain] pertySourcedRequestMappingHandlerMapping : Mapped URL path [/v2/api-docs] onto method [springfox.documentation.swagger2.web.Swagger2Controller#getDocumentation(String, HttpServletRequest)]
2020-03-10 06:28:44.684  INFO 4756 --- [restartedMain] o.s.s.concurrent.ThreadPoolTaskExecutor  : Initializing ExecutorService 'applicationTaskExecutor'
2020-03-10 06:28:44.726  INFO 4756 --- [restartedMain] d.s.w.p.DocumentationPluginsBootstrapper : Context refreshed
2020-03-10 06:28:44.727  INFO 4756 --- [restartedMain] d.s.w.p.DocumentationPluginsBootstrapper : Found 1 custom documentation plugin(s)
2020-03-10 06:28:44.736  INFO 4756 --- [restartedMain] s.d.s.w.s.ApiListingReferenceScanner     : Scanning for api listing references
2020-03-10 06:28:44.754  INFO 4756 --- [restartedMain] o.s.b.w.embedded.tomcat.TomcatWebServer  : Tomcat started on port(s): 4565 (http) with context path ''
2020-03-10 06:28:44.754  INFO 4756 --- [restartedMain] c.d.DirectorioTelefonicoApplication      : Started DirectorioTelefonicoApplication in 0.749 seconds (JVM running for 589.456)
2020-03-10 06:28:44.757  INFO 4756 --- [restartedMain] .ConditionEvaluationDeltaLoggingListener : Condition evaluation unchanged
2020-03-10 06:28:50.059  INFO 4756 --- [http-nio-4565-exec-1] o.a.c.c.C.[Tomcat].[localhost].[/]       : Initializing Spring DispatcherServlet 'dispatcherServlet'
2020-03-10 06:28:59.107 DEBUG 4756 --- [http-nio-4565-exec-7] o.s.jdbc.core.JdbcTemplate               : Executing prepared SQL query
2020-03-10 06:28:59.107 DEBUG 4756 --- [http-nio-4565-exec-7] o.s.jdbc.core.JdbcTemplate               : Executing prepared SQL statement [SELECT id,combre,telefono FROM contacto where nombre = ?]
2020-03-10 06:28:59.109 TRACE 4756 --- [http-nio-4565-exec-7] o.s.jdbc.core.StatementCreatorUtils      : Setting SQL statement parameter value: column index 1, parameter value [FHGFHH], value class [java.lang.String], SQL type unknown
2020-03-10 06:29:37.252  INFO 4756 --- [Thread-24] o.s.s.concurrent.ThreadPoolTaskExecutor  : Shutting down ExecutorService 'applicationTaskExecutor'
2020-03-10 06:29:37.253  INFO 4756 --- [Thread-24] j.LocalContainerEntityManagerFactoryBean : Closing JPA EntityManagerFactory for persistence unit 'default'
2020-03-10 06:29:37.255  INFO 4756 --- [Thread-24] com.zaxxer.hikari.HikariDataSource       : HikariPool-3 - Shutdown initiated...
2020-03-10 06:29:37.263  INFO 4756 --- [Thread-24] com.zaxxer.hikari.HikariDataSource       : HikariPool-3 - Shutdown completed.
